<?xml version="1.0" encoding="UTF-8"?>
<!-- Generated by org.testng.reporters.JUnitXMLReporter -->
<testsuite ignored="0" hostname="DESKTOP-6IVHGF6" failures="0" tests="4" name="Default test" time="81.355" errors="0" timestamp="2024-11-08T23:45:24 IST">
  <testcase classname="com.crm.qa.testcases.CalendarPageTest" name="verifyEventOption" time="4.346"/>
  <testcase classname="com.crm.qa.testcases.CalendarPageTest" name="getBackToCalendar" time="3.395"/>
  <testcase classname="com.crm.qa.testcases.CalendarPageTest" name="VerifyOnCreate" time="4.201"/>
  <testcase classname="com.crm.qa.testcases.CalendarPageTest" name="addTaskInCalendar" time="1.482"/>
</testsuite> <!-- Default test -->
